CRITICAL - 2023-11-16 14:45:17 --> Class "Locale" not found
in SYSTEMPATH\CodeIgniter.php on line 214.
 1 ROOTPATH\spark(88): CodeIgniter\CodeIgniter->initialize()
CRITICAL - 2023-11-16 14:45:17 --> Uncaught Error: Class "Locale" not found in C:\Users\User\Documents\nopal\Backend\backend-e\system\I18n\TimeTrait.php:74
Stack trace:
#0 C:\Users\User\Documents\nopal\Backend\backend-e\system\I18n\TimeTrait.php(115): CodeIgniter\I18n\Time->__construct(NULL, NULL, NULL)
#1 C:\Users\User\Documents\nopal\Backend\backend-e\system\HTTP\ResponseTrait.php(468): CodeIgniter\I18n\Time::now()
#2 C:\Users\User\Documents\nopal\Backend\backend-e\system\HTTP\ResponseTrait.php(446): CodeIgniter\HTTP\Response->sendHeaders()
#3 C:\Users\User\Documents\nopal\Backend\backend-e\system\Debug\ExceptionHandler.php(78): CodeIgniter\HTTP\Response->send()
#4 C:\Users\User\Documents\nopal\Backend\backend-e\system\Debug\Exceptions.php(146): CodeIgniter\Debug\ExceptionHandler->handle(Object(Error), Object(CodeIgniter\HTTP\IncomingRequest), Object(CodeIgniter\HTTP\Response), 500, 1)
#5 [internal function]: CodeIgniter\Debug\Exceptions->exceptionHandler(Object(Error))
#6 {main}
  thrown
【Previous Exception】
Error
Class "Locale" not found
#0 C:\Users\User\Documents\nopal\Backend\backend-e\spark(88): CodeIgniter\CodeIgniter->initialize()
#1 {main}
in SYSTEMPATH\I18n\TimeTrait.php on line 74.
 1 [internal function]: CodeIgniter\Debug\Exceptions->shutdownHandler()
CRITICAL - 2023-11-16 14:52:43 --> Class "Locale" not found
in SYSTEMPATH\CodeIgniter.php on line 214.
 1 ROOTPATH\spark(88): CodeIgniter\CodeIgniter->initialize()
CRITICAL - 2023-11-16 14:52:43 --> Uncaught Error: Class "Locale" not found in C:\Users\User\Documents\nopal\Backend\backend-e\system\I18n\TimeTrait.php:74
Stack trace:
#0 C:\Users\User\Documents\nopal\Backend\backend-e\system\I18n\TimeTrait.php(115): CodeIgniter\I18n\Time->__construct(NULL, NULL, NULL)
#1 C:\Users\User\Documents\nopal\Backend\backend-e\system\HTTP\ResponseTrait.php(468): CodeIgniter\I18n\Time::now()
#2 C:\Users\User\Documents\nopal\Backend\backend-e\system\HTTP\ResponseTrait.php(446): CodeIgniter\HTTP\Response->sendHeaders()
#3 C:\Users\User\Documents\nopal\Backend\backend-e\system\Debug\ExceptionHandler.php(78): CodeIgniter\HTTP\Response->send()
#4 C:\Users\User\Documents\nopal\Backend\backend-e\system\Debug\Exceptions.php(146): CodeIgniter\Debug\ExceptionHandler->handle(Object(Error), Object(CodeIgniter\HTTP\IncomingRequest), Object(CodeIgniter\HTTP\Response), 500, 1)
#5 [internal function]: CodeIgniter\Debug\Exceptions->exceptionHandler(Object(Error))
#6 {main}
  thrown
【Previous Exception】
Error
Class "Locale" not found
#0 C:\Users\User\Documents\nopal\Backend\backend-e\spark(88): CodeIgniter\CodeIgniter->initialize()
#1 {main}
in SYSTEMPATH\I18n\TimeTrait.php on line 74.
 1 [internal function]: CodeIgniter\Debug\Exceptions->shutdownHandler()
CRITICAL - 2023-11-16 14:53:11 --> Class "Locale" not found
in SYSTEMPATH\CodeIgniter.php on line 214.
 1 ROOTPATH\spark(88): CodeIgniter\CodeIgniter->initialize()
CRITICAL - 2023-11-16 14:53:11 --> Uncaught Error: Class "Locale" not found in C:\Users\User\Documents\nopal\Backend\backend-e\system\I18n\TimeTrait.php:74
Stack trace:
#0 C:\Users\User\Documents\nopal\Backend\backend-e\system\I18n\TimeTrait.php(115): CodeIgniter\I18n\Time->__construct(NULL, NULL, NULL)
#1 C:\Users\User\Documents\nopal\Backend\backend-e\system\HTTP\ResponseTrait.php(468): CodeIgniter\I18n\Time::now()
#2 C:\Users\User\Documents\nopal\Backend\backend-e\system\HTTP\ResponseTrait.php(446): CodeIgniter\HTTP\Response->sendHeaders()
#3 C:\Users\User\Documents\nopal\Backend\backend-e\system\Debug\ExceptionHandler.php(78): CodeIgniter\HTTP\Response->send()
#4 C:\Users\User\Documents\nopal\Backend\backend-e\system\Debug\Exceptions.php(146): CodeIgniter\Debug\ExceptionHandler->handle(Object(Error), Object(CodeIgniter\HTTP\IncomingRequest), Object(CodeIgniter\HTTP\Response), 500, 1)
#5 [internal function]: CodeIgniter\Debug\Exceptions->exceptionHandler(Object(Error))
#6 {main}
  thrown
【Previous Exception】
Error
Class "Locale" not found
#0 C:\Users\User\Documents\nopal\Backend\backend-e\spark(88): CodeIgniter\CodeIgniter->initialize()
#1 {main}
in SYSTEMPATH\I18n\TimeTrait.php on line 74.
 1 [internal function]: CodeIgniter\Debug\Exceptions->shutdownHandler()
WARNING - 2023-11-16 14:20:12 --> [DEPRECATED] Creation of dynamic property App\Controllers\ProductController::$product is deprecated in APPPATH\Controllers\ProductController.php on line 11.
 1 SYSTEMPATH\CodeIgniter.php(891): App\Controllers\ProductController->__construct()
 2 SYSTEMPATH\CodeIgniter.php(485): CodeIgniter\CodeIgniter->createController()
 3 SYSTEMPATH\CodeIgniter.php(353): CodeIgniter\CodeIgniter->handleRequest(null, Object(Config\Cache), false)
 4 FCPATH\index.php(79): CodeIgniter\CodeIgniter->run()
 5 SYSTEMPATH\Commands\Server\rewrite.php(47): require_once('C:\\Users\\User\\Documents\\nopal\\Backend\\backend-e\\public\\index.php')
WARNING - 2023-11-16 14:26:02 --> [DEPRECATED] Creation of dynamic property App\Controllers\ProductController::$product is deprecated in APPPATH\Controllers\ProductController.php on line 11.
 1 SYSTEMPATH\CodeIgniter.php(891): App\Controllers\ProductController->__construct()
 2 SYSTEMPATH\CodeIgniter.php(485): CodeIgniter\CodeIgniter->createController()
 3 SYSTEMPATH\CodeIgniter.php(353): CodeIgniter\CodeIgniter->handleRequest(null, Object(Config\Cache), false)
 4 FCPATH\index.php(79): CodeIgniter\CodeIgniter->run()
 5 SYSTEMPATH\Commands\Server\rewrite.php(47): require_once('C:\\Users\\User\\Documents\\nopal\\Backend\\backend-e\\public\\index.php')
WARNING - 2023-11-16 14:26:34 --> [DEPRECATED] Creation of dynamic property App\Controllers\ProductController::$product is deprecated in APPPATH\Controllers\ProductController.php on line 11.
 1 SYSTEMPATH\CodeIgniter.php(891): App\Controllers\ProductController->__construct()
 2 SYSTEMPATH\CodeIgniter.php(485): CodeIgniter\CodeIgniter->createController()
 3 SYSTEMPATH\CodeIgniter.php(353): CodeIgniter\CodeIgniter->handleRequest(null, Object(Config\Cache), false)
 4 FCPATH\index.php(79): CodeIgniter\CodeIgniter->run()
 5 SYSTEMPATH\Commands\Server\rewrite.php(47): require_once('C:\\Users\\User\\Documents\\nopal\\Backend\\backend-e\\public\\index.php')
WARNING - 2023-11-16 14:28:07 --> [DEPRECATED] Creation of dynamic property App\Controllers\ProductController::$product is deprecated in APPPATH\Controllers\ProductController.php on line 11.
 1 SYSTEMPATH\CodeIgniter.php(891): App\Controllers\ProductController->__construct()
 2 SYSTEMPATH\CodeIgniter.php(485): CodeIgniter\CodeIgniter->createController()
 3 SYSTEMPATH\CodeIgniter.php(353): CodeIgniter\CodeIgniter->handleRequest(null, Object(Config\Cache), false)
 4 FCPATH\index.php(79): CodeIgniter\CodeIgniter->run()
 5 SYSTEMPATH\Commands\Server\rewrite.php(47): require_once('C:\\Users\\User\\Documents\\nopal\\Backend\\backend-e\\public\\index.php')
