ERROR - 2023-10-20 06:35:43 --> mysqli_sql_exception: Table 'backend.products' doesn't exist in D:\Semester 3\Backend\Back-End\system\Database\MySQLi\Connection.php:306
Stack trace:
#0 D:\Semester 3\Backend\Back-End\system\Database\MySQLi\Connection.php(306): mysqli->query('INSERT INTO `pr...', 0)
#1 D:\Semester 3\Backend\Back-End\system\Database\BaseConnection.php(692): CodeIgniter\Database\MySQLi\Connection->execute('INSERT INTO `pr...')
#2 D:\Semester 3\Backend\Back-End\system\Database\BaseConnection.php(606): CodeIgniter\Database\BaseConnection->simpleQuery('INSERT INTO `pr...')
#3 D:\Semester 3\Backend\Back-End\system\Database\BaseBuilder.php(2308): CodeIgniter\Database\BaseConnection->query('INSERT INTO `pr...', Array, false)
#4 D:\Semester 3\Backend\Back-End\system\Model.php(319): CodeIgniter\Database\BaseBuilder->insert()
#5 D:\Semester 3\Backend\Back-End\system\BaseModel.php(788): CodeIgniter\Model->doInsert(Array)
#6 D:\Semester 3\Backend\Back-End\system\Model.php(715): CodeIgniter\BaseModel->insert(Array, true)
#7 D:\Semester 3\Backend\Back-End\app\Controllers\ProductController.php(26): CodeIgniter\Model->insert(Array)
#8 D:\Semester 3\Backend\Back-End\system\CodeIgniter.php(919): App\Controllers\ProductController->insertProduct()
#9 D:\Semester 3\Backend\Back-End\system\CodeIgniter.php(494): CodeIgniter\CodeIgniter->runController(Object(App\Controllers\ProductController))
#10 D:\Semester 3\Backend\Back-End\system\CodeIgniter.php(353): CodeIgniter\CodeIgniter->handleRequest(NULL, Object(Config\Cache), false)
#11 D:\Semester 3\Backend\Back-End\public\index.php(79): CodeIgniter\CodeIgniter->run()
#12 D:\Semester 3\Backend\Back-End\system\Commands\Server\rewrite.php(47): require_once('D:\\Semester 3\\B...')
#13 {main}
CRITICAL - 2023-10-20 06:35:43 --> Table 'backend.products' doesn't exist
in SYSTEMPATH\Database\BaseConnection.php on line 646.
 1 SYSTEMPATH\Database\BaseBuilder.php(2308): CodeIgniter\Database\BaseConnection->query('INSERT INTO `products` (`nama_product`, `description`) VALUES (:nama_product:, :description:)', [...], false)
 2 SYSTEMPATH\Model.php(319): CodeIgniter\Database\BaseBuilder->insert()
 3 SYSTEMPATH\BaseModel.php(788): CodeIgniter\Model->doInsert([...])
 4 SYSTEMPATH\Model.php(715): CodeIgniter\BaseModel->insert([...], true)
 5 APPPATH\Controllers\ProductController.php(26): CodeIgniter\Model->insert([...])
 6 SYSTEMPATH\CodeIgniter.php(919): App\Controllers\ProductController->insertProduct()
 7 SYSTEMPATH\CodeIgniter.php(494): CodeIgniter\CodeIgniter->runController(Object(App\Controllers\ProductController))
 8 SYSTEMPATH\CodeIgniter.php(353): CodeIgniter\CodeIgniter->handleRequest(null, Object(Config\Cache), false)
 9 FCPATH\index.php(79): CodeIgniter\CodeIgniter->run()
10 SYSTEMPATH\Commands\Server\rewrite.php(47): require_once('D:\\Semester 3\\Backend\\Back-End\\public\\index.php')
ERROR - 2023-10-20 06:37:31 --> mysqli_sql_exception: Table 'backend.products' doesn't exist in D:\Semester 3\Backend\Back-End\system\Database\MySQLi\Connection.php:306
Stack trace:
#0 D:\Semester 3\Backend\Back-End\system\Database\MySQLi\Connection.php(306): mysqli->query('INSERT INTO `pr...', 0)
#1 D:\Semester 3\Backend\Back-End\system\Database\BaseConnection.php(692): CodeIgniter\Database\MySQLi\Connection->execute('INSERT INTO `pr...')
#2 D:\Semester 3\Backend\Back-End\system\Database\BaseConnection.php(606): CodeIgniter\Database\BaseConnection->simpleQuery('INSERT INTO `pr...')
#3 D:\Semester 3\Backend\Back-End\system\Database\BaseBuilder.php(2308): CodeIgniter\Database\BaseConnection->query('INSERT INTO `pr...', Array, false)
#4 D:\Semester 3\Backend\Back-End\system\Model.php(319): CodeIgniter\Database\BaseBuilder->insert()
#5 D:\Semester 3\Backend\Back-End\system\BaseModel.php(788): CodeIgniter\Model->doInsert(Array)
#6 D:\Semester 3\Backend\Back-End\system\Model.php(715): CodeIgniter\BaseModel->insert(Array, true)
#7 D:\Semester 3\Backend\Back-End\app\Controllers\ProductController.php(26): CodeIgniter\Model->insert(Array)
#8 D:\Semester 3\Backend\Back-End\system\CodeIgniter.php(919): App\Controllers\ProductController->insertProduct()
#9 D:\Semester 3\Backend\Back-End\system\CodeIgniter.php(494): CodeIgniter\CodeIgniter->runController(Object(App\Controllers\ProductController))
#10 D:\Semester 3\Backend\Back-End\system\CodeIgniter.php(353): CodeIgniter\CodeIgniter->handleRequest(NULL, Object(Config\Cache), false)
#11 D:\Semester 3\Backend\Back-End\public\index.php(79): CodeIgniter\CodeIgniter->run()
#12 D:\Semester 3\Backend\Back-End\system\Commands\Server\rewrite.php(47): require_once('D:\\Semester 3\\B...')
#13 {main}
CRITICAL - 2023-10-20 06:37:31 --> Table 'backend.products' doesn't exist
in SYSTEMPATH\Database\BaseConnection.php on line 646.
 1 SYSTEMPATH\Database\BaseBuilder.php(2308): CodeIgniter\Database\BaseConnection->query('INSERT INTO `products` (`nama_product`, `description`) VALUES (:nama_product:, :description:)', [...], false)
 2 SYSTEMPATH\Model.php(319): CodeIgniter\Database\BaseBuilder->insert()
 3 SYSTEMPATH\BaseModel.php(788): CodeIgniter\Model->doInsert([...])
 4 SYSTEMPATH\Model.php(715): CodeIgniter\BaseModel->insert([...], true)
 5 APPPATH\Controllers\ProductController.php(26): CodeIgniter\Model->insert([...])
 6 SYSTEMPATH\CodeIgniter.php(919): App\Controllers\ProductController->insertProduct()
 7 SYSTEMPATH\CodeIgniter.php(494): CodeIgniter\CodeIgniter->runController(Object(App\Controllers\ProductController))
 8 SYSTEMPATH\CodeIgniter.php(353): CodeIgniter\CodeIgniter->handleRequest(null, Object(Config\Cache), false)
 9 FCPATH\index.php(79): CodeIgniter\CodeIgniter->run()
10 SYSTEMPATH\Commands\Server\rewrite.php(47): require_once('D:\\Semester 3\\Backend\\Back-End\\public\\index.php')
CRITICAL - 2023-10-20 07:20:56 --> Trait "App\Controllers\ResponseTrait" not found
in APPPATH\Controllers\ProductController.php on line 6.
 1 [internal function]: CodeIgniter\Debug\Exceptions->shutdownHandler()
